2025-02-10T05:29:10.310Z [INFO]: Server running on port 9090
2025-02-10T05:29:10.775Z [INFO]: Redis Connected Successfully!
2025-02-10T05:29:11.237Z [INFO]: MongoDB Connected: cluster0-shard-00-00.jr57q.mongodb.net
2025-02-10T05:31:06.305Z [INFO]: User created: 67a98f1a3ca8716e7fb1c322
2025-02-10T05:32:05.820Z [INFO]: ❌ Cache Miss: user:67a98f1a3ca8716e7fb1c322
2025-02-10T05:32:06.080Z [INFO]: 🗄️ Cached Data: user:67a98f1a3ca8716e7fb1c322
2025-02-10T05:32:06.084Z [INFO]: User fetched: 67a98f1a3ca8716e7fb1c322
2025-02-10T05:32:44.052Z [INFO]: 🗑️ Cache Cleared: user:67a98f1a3ca8716e7fb1c322
2025-02-10T05:32:44.053Z [INFO]: User updated: 67a98f1a3ca8716e7fb1c322
2025-02-10T05:32:54.017Z [INFO]: 🗑️ Cache Cleared: user:67a98f1a3ca8716e7fb1c322
2025-02-10T05:32:54.018Z [INFO]: User deleted: 67a98f1a3ca8716e7fb1c322
2025-02-10T05:56:33.941Z [INFO]: Server running on port 9090
2025-02-10T05:56:35.211Z [INFO]: Redis Connected Successfully!
2025-02-10T05:56:35.657Z [INFO]: MongoDB Connected: cluster0-shard-00-00.jr57q.mongodb.net
2025-02-10T05:57:23.882Z [INFO]: Server running on port 9090
2025-02-10T05:57:25.423Z [INFO]: Redis Connected Successfully!
2025-02-10T05:57:25.903Z [INFO]: MongoDB Connected: cluster0-shard-00-02.jr57q.mongodb.net
2025-02-10T05:57:50.192Z [INFO]: Server running on port 9090
2025-02-10T05:57:50.644Z [INFO]: Redis Connected Successfully!
2025-02-10T05:57:51.031Z [INFO]: MongoDB Connected: cluster0-shard-00-01.jr57q.mongodb.net
2025-02-10T05:58:00.729Z [INFO]: Server running on port 9090
2025-02-10T05:58:01.225Z [INFO]: Redis Connected Successfully!
2025-02-10T05:58:01.629Z [INFO]: MongoDB Connected: cluster0-shard-00-01.jr57q.mongodb.net
2025-02-10T06:04:44.928Z [INFO]: Server running on port 9090
2025-02-10T06:04:45.460Z [INFO]: Redis Connected Successfully!
2025-02-10T06:04:45.864Z [INFO]: MongoDB Connected: cluster0-shard-00-00.jr57q.mongodb.net
2025-02-10T06:12:23.276Z [INFO]: Server running on port 9090
2025-02-10T06:12:23.767Z [INFO]: Redis Connected Successfully!
2025-02-10T06:12:24.229Z [INFO]: MongoDB Connected: cluster0-shard-00-00.jr57q.mongodb.net
2025-02-10T06:13:35.377Z [INFO]: Server running on port 9090
2025-02-10T06:13:35.857Z [INFO]: Redis Connected Successfully!
2025-02-10T06:13:36.298Z [INFO]: MongoDB Connected: cluster0-shard-00-00.jr57q.mongodb.net
2025-02-10T06:14:21.822Z [INFO]: Server running on port 9090
2025-02-10T06:14:22.778Z [INFO]: Redis Connected Successfully!
2025-02-10T06:14:23.197Z [INFO]: MongoDB Connected: cluster0-shard-00-01.jr57q.mongodb.net
2025-02-10T06:15:08.983Z [INFO]: Server running on port 9090
2025-02-10T06:15:09.496Z [INFO]: Redis Connected Successfully!
2025-02-10T06:15:10.117Z [INFO]: MongoDB Connected: cluster0-shard-00-00.jr57q.mongodb.net
2025-02-10T06:16:19.791Z [INFO]: Server running on port 9090
2025-02-10T06:16:20.275Z [INFO]: Redis Connected Successfully!
2025-02-10T06:16:20.690Z [INFO]: MongoDB Connected: cluster0-shard-00-00.jr57q.mongodb.net
2025-02-10T06:16:33.298Z [INFO]: Server running on port 9090
2025-02-10T06:16:33.759Z [INFO]: Redis Connected Successfully!
2025-02-10T06:16:34.236Z [INFO]: MongoDB Connected: cluster0-shard-00-02.jr57q.mongodb.net
2025-02-10T06:22:29.558Z [INFO]: Server running on port 9090
2025-02-10T06:22:30.477Z [INFO]: Redis Connected Successfully!
2025-02-10T06:22:30.875Z [INFO]: MongoDB Connected: cluster0-shard-00-00.jr57q.mongodb.net
2025-02-10T07:08:55.217Z [INFO]: Server running on port 9090
2025-02-10T07:08:55.685Z [INFO]: Redis Connected Successfully!
2025-02-10T07:08:56.101Z [INFO]: MongoDB Connected: cluster0-shard-00-02.jr57q.mongodb.net
2025-02-10T07:09:08.043Z [INFO]: Server running on port 9090
2025-02-10T07:09:08.510Z [INFO]: Redis Connected Successfully!
2025-02-10T07:09:08.944Z [INFO]: MongoDB Connected: cluster0-shard-00-00.jr57q.mongodb.net
2025-02-10T07:09:34.772Z [INFO]: Server running on port 9090
2025-02-10T07:09:35.910Z [INFO]: Redis Connected Successfully!
2025-02-10T07:09:36.404Z [INFO]: MongoDB Connected: cluster0-shard-00-02.jr57q.mongodb.net
2025-02-10T07:11:33.525Z [INFO]: Server running on port 9090
2025-02-10T07:11:34.026Z [INFO]: Redis Connected Successfully!
2025-02-10T07:11:34.431Z [INFO]: MongoDB Connected: cluster0-shard-00-00.jr57q.mongodb.net
2025-02-10T07:12:24.247Z [INFO]: Server running on port 9090
2025-02-10T07:12:24.746Z [INFO]: Redis Connected Successfully!
2025-02-10T07:12:25.227Z [INFO]: MongoDB Connected: cluster0-shard-00-01.jr57q.mongodb.net
2025-02-10T07:14:55.923Z [INFO]: Server running on port 9090
2025-02-10T07:14:57.023Z [INFO]: Redis Connected Successfully!
2025-02-10T07:14:57.546Z [INFO]: MongoDB Connected: cluster0-shard-00-02.jr57q.mongodb.net
2025-02-10T07:15:09.395Z [INFO]: ❌ Cache Miss: users:limit=10&offset=1&search=
2025-02-10T07:15:09.687Z [INFO]: 🗄️ Cached Data: users:limit=10&offset=1&search=
2025-02-10T07:15:09.688Z [INFO]: Users fetched: 10
2025-02-10T07:22:24.162Z [INFO]: Server running on port 9090
2025-02-10T07:22:24.667Z [INFO]: Redis Connected Successfully!
2025-02-10T07:22:25.136Z [INFO]: MongoDB Connected: cluster0-shard-00-00.jr57q.mongodb.net
2025-02-10T07:22:31.793Z [INFO]: Server running on port 9090
2025-02-10T07:22:32.249Z [INFO]: Redis Connected Successfully!
2025-02-10T07:22:32.789Z [INFO]: MongoDB Connected: cluster0-shard-00-00.jr57q.mongodb.net
2025-02-10T08:12:31.356Z [INFO]: Server running on port 9090
2025-02-10T08:12:31.891Z [INFO]: Redis Connected Successfully!
2025-02-10T08:12:32.500Z [INFO]: MongoDB Connected: cluster0-shard-00-02.jr57q.mongodb.net
2025-02-10T08:18:14.164Z [INFO]: Server running on port 9090
2025-02-10T08:18:14.666Z [INFO]: Redis Connected Successfully!
2025-02-10T08:18:15.443Z [INFO]: MongoDB Connected: cluster0-shard-00-02.jr57q.mongodb.net
2025-02-10T08:19:10.345Z [INFO]: Server running on port 9090
2025-02-10T08:19:10.848Z [INFO]: Redis Connected Successfully!
2025-02-10T08:19:11.434Z [INFO]: MongoDB Connected: cluster0-shard-00-02.jr57q.mongodb.net
2025-02-10T08:19:36.375Z [INFO]: Server running on port 9090
2025-02-10T08:19:36.891Z [INFO]: Redis Connected Successfully!
2025-02-10T08:19:37.362Z [INFO]: MongoDB Connected: cluster0-shard-00-02.jr57q.mongodb.net
2025-02-10T08:19:57.382Z [INFO]: Server running on port 9090
2025-02-10T08:19:58.407Z [INFO]: Redis Connected Successfully!
2025-02-10T08:19:58.937Z [INFO]: MongoDB Connected: cluster0-shard-00-01.jr57q.mongodb.net
2025-02-10T08:22:05.728Z [INFO]: Server running on port 9090
2025-02-10T08:22:06.261Z [INFO]: Redis Connected Successfully!
2025-02-10T08:22:06.956Z [INFO]: MongoDB Connected: cluster0-shard-00-02.jr57q.mongodb.net
2025-02-10T08:22:18.665Z [INFO]: Server running on port 9090
2025-02-10T08:22:19.151Z [INFO]: Redis Connected Successfully!
2025-02-10T08:22:19.752Z [INFO]: MongoDB Connected: cluster0-shard-00-01.jr57q.mongodb.net
2025-02-10T08:22:24.415Z [INFO]: Server running on port 9090
2025-02-10T08:22:24.910Z [INFO]: Redis Connected Successfully!
2025-02-10T08:22:25.518Z [INFO]: MongoDB Connected: cluster0-shard-00-01.jr57q.mongodb.net
2025-02-10T08:22:46.177Z [INFO]: Server running on port 9090
2025-02-10T08:22:46.671Z [INFO]: Redis Connected Successfully!
2025-02-10T08:22:47.390Z [INFO]: MongoDB Connected: cluster0-shard-00-01.jr57q.mongodb.net
2025-02-10T08:22:54.358Z [INFO]: Server running on port 9090
2025-02-10T08:22:54.829Z [INFO]: Redis Connected Successfully!
2025-02-10T08:22:55.362Z [INFO]: MongoDB Connected: cluster0-shard-00-00.jr57q.mongodb.net
2025-02-11T04:13:29.994Z [INFO]: Server running on port 9090
2025-02-11T04:13:30.475Z [INFO]: Redis Connected Successfully!
2025-02-11T04:13:31.029Z [INFO]: MongoDB Connected: cluster0-shard-00-02.jr57q.mongodb.net
2025-02-11T04:37:29.099Z [INFO]: Server running on port 9090
2025-02-11T04:37:29.597Z [INFO]: Redis Connected Successfully!
2025-02-11T04:37:30.235Z [INFO]: MongoDB Connected: cluster0-shard-00-02.jr57q.mongodb.net
2025-02-11T04:39:44.164Z [INFO]: Server running on port 9090
2025-02-11T04:39:44.632Z [INFO]: Redis Connected Successfully!
2025-02-11T04:39:45.156Z [INFO]: MongoDB Connected: cluster0-shard-00-00.jr57q.mongodb.net
2025-02-11T04:40:01.341Z [INFO]: Server running on port 9090
2025-02-11T04:40:02.210Z [INFO]: Redis Connected Successfully!
2025-02-11T04:40:02.715Z [INFO]: MongoDB Connected: cluster0-shard-00-02.jr57q.mongodb.net
2025-02-13T04:42:45.102Z [INFO]: Server running on port 9090
2025-02-13T04:42:45.626Z [INFO]: Redis Connected Successfully!
2025-02-13T04:42:46.142Z [INFO]: MongoDB Connected: cluster0-shard-00-02.jr57q.mongodb.net
2025-02-13T04:44:45.337Z [INFO]: Server running on port 9090
2025-02-13T04:44:45.838Z [INFO]: Redis Connected Successfully!
2025-02-13T04:44:46.444Z [INFO]: MongoDB Connected: cluster0-shard-00-02.jr57q.mongodb.net
2025-02-13T04:47:24.486Z [INFO]: Server running on port 9090
2025-02-13T04:47:25.520Z [INFO]: Redis Connected Successfully!
2025-02-13T04:47:25.948Z [INFO]: MongoDB Connected: cluster0-shard-00-02.jr57q.mongodb.net
2025-02-13T04:49:04.367Z [INFO]: Server running on port 9090
2025-02-13T04:49:06.064Z [INFO]: Redis Connected Successfully!
2025-02-13T04:49:06.637Z [INFO]: MongoDB Connected: cluster0-shard-00-02.jr57q.mongodb.net
2025-02-13T04:49:49.620Z [INFO]: Server running on port 9090
2025-02-13T04:49:50.085Z [INFO]: Redis Connected Successfully!
2025-02-13T04:49:50.638Z [INFO]: MongoDB Connected: cluster0-shard-00-00.jr57q.mongodb.net
2025-02-13T04:51:20.748Z [INFO]: Server running on port 9090
2025-02-13T04:51:21.247Z [INFO]: Redis Connected Successfully!
2025-02-13T04:51:21.789Z [INFO]: MongoDB Connected: cluster0-shard-00-00.jr57q.mongodb.net
2025-02-13T04:52:30.043Z [INFO]: Server running on port 9090
2025-02-13T04:52:31.410Z [INFO]: Redis Connected Successfully!
2025-02-13T04:52:31.986Z [INFO]: MongoDB Connected: cluster0-shard-00-00.jr57q.mongodb.net
2025-02-13T04:54:00.840Z [INFO]: Server running on port 9090
2025-02-13T04:54:01.326Z [INFO]: Redis Connected Successfully!
2025-02-13T04:54:02.046Z [INFO]: MongoDB Connected: cluster0-shard-00-00.jr57q.mongodb.net
2025-02-13T09:18:11.163Z [INFO]: Server running on port 9090
2025-02-13T09:18:12.126Z [INFO]: Redis Connected Successfully!
2025-02-13T09:18:12.625Z [INFO]: MongoDB Connected: cluster0-shard-00-02.jr57q.mongodb.net
2025-02-13T09:19:29.336Z [INFO]: Server running on port 9090
2025-02-13T09:19:29.837Z [INFO]: Redis Connected Successfully!
2025-02-13T09:19:30.372Z [INFO]: MongoDB Connected: cluster0-shard-00-02.jr57q.mongodb.net
2025-02-13T09:21:41.897Z [INFO]: Server running on port 9090
2025-02-13T09:21:43.004Z [INFO]: Redis Connected Successfully!
2025-02-13T09:21:43.511Z [INFO]: MongoDB Connected: cluster0-shard-00-02.jr57q.mongodb.net
2025-02-13T09:22:44.649Z [INFO]: Server running on port 9090
2025-02-13T09:22:45.105Z [INFO]: Redis Connected Successfully!
2025-02-13T09:22:45.615Z [INFO]: MongoDB Connected: cluster0-shard-00-00.jr57q.mongodb.net
2025-02-13T09:23:20.780Z [INFO]: Server running on port 9090
2025-02-13T09:23:21.847Z [INFO]: Redis Connected Successfully!
2025-02-13T09:23:22.315Z [INFO]: MongoDB Connected: cluster0-shard-00-00.jr57q.mongodb.net
2025-02-13T09:25:14.409Z [INFO]: Server running on port 9090
2025-02-13T09:25:14.880Z [INFO]: Redis Connected Successfully!
2025-02-13T09:25:15.298Z [INFO]: MongoDB Connected: cluster0-shard-00-02.jr57q.mongodb.net
2025-02-13T09:27:31.299Z [INFO]: Server running on port 9090
2025-02-13T09:27:31.783Z [INFO]: Redis Connected Successfully!
2025-02-13T09:27:32.315Z [INFO]: MongoDB Connected: cluster0-shard-00-00.jr57q.mongodb.net
2025-02-13T09:28:02.362Z [INFO]: Server running on port 9090
2025-02-13T09:28:02.820Z [INFO]: Redis Connected Successfully!
2025-02-13T09:28:03.200Z [INFO]: MongoDB Connected: cluster0-shard-00-02.jr57q.mongodb.net
2025-02-13T09:31:37.721Z [INFO]: Server running on port 9090
2025-02-13T09:31:38.197Z [INFO]: Redis Connected Successfully!
2025-02-13T09:31:38.725Z [INFO]: MongoDB Connected: cluster0-shard-00-02.jr57q.mongodb.net
2025-02-13T09:33:05.479Z [INFO]: Server running on port 9090
2025-02-13T09:33:06.517Z [INFO]: Redis Connected Successfully!
2025-02-13T09:33:07.136Z [INFO]: MongoDB Connected: cluster0-shard-00-02.jr57q.mongodb.net
2025-02-13T09:36:53.286Z [INFO]: Server running on port 9090
2025-02-13T09:36:53.754Z [INFO]: Redis Connected Successfully!
2025-02-13T09:36:54.271Z [INFO]: MongoDB Connected: cluster0-shard-00-01.jr57q.mongodb.net
2025-02-13T10:11:45.537Z [INFO]: Server running on port 9090
2025-02-13T10:11:46.021Z [INFO]: Redis Connected Successfully!
2025-02-13T10:11:46.507Z [INFO]: MongoDB Connected: cluster0-shard-00-01.jr57q.mongodb.net
2025-02-13T10:13:29.027Z [INFO]: Server running on port 9090
2025-02-13T10:13:29.518Z [INFO]: Redis Connected Successfully!
2025-02-13T10:13:30.034Z [INFO]: MongoDB Connected: cluster0-shard-00-02.jr57q.mongodb.net
2025-02-13T10:13:58.471Z [INFO]: Server running on port 9090
2025-02-13T10:13:58.993Z [INFO]: Redis Connected Successfully!
2025-02-13T10:13:59.478Z [INFO]: MongoDB Connected: cluster0-shard-00-01.jr57q.mongodb.net
2025-02-13T11:33:38.682Z [INFO]: Server running on port 9090
2025-02-13T11:33:39.221Z [INFO]: Redis Connected Successfully!
2025-02-13T11:33:39.886Z [INFO]: MongoDB Connected: cluster0-shard-00-02.jr57q.mongodb.net
2025-02-13T11:34:00.833Z [INFO]: Server running on port 9090
2025-02-13T11:34:01.619Z [INFO]: Redis Connected Successfully!
2025-02-13T11:34:02.354Z [INFO]: MongoDB Connected: cluster0-shard-00-02.jr57q.mongodb.net
2025-02-13T11:36:19.504Z [INFO]: Server running on port 9090
2025-02-13T11:36:19.993Z [INFO]: Redis Connected Successfully!
2025-02-13T11:36:20.404Z [INFO]: MongoDB Connected: cluster0-shard-00-00.jr57q.mongodb.net
2025-02-14T10:18:08.564Z [INFO]: Server running on port 9090
2025-02-14T10:18:09.074Z [INFO]: Redis Connected Successfully!
2025-02-14T10:18:09.704Z [INFO]: MongoDB Connected: cluster0-shard-00-00.jr57q.mongodb.net
